<?xml version="1.0" encoding="UTF-8"?>
<testng-results skipped="0" failed="0" total="1" passed="1">
  <reporter-output>
  </reporter-output>
  <suite name="Default suite" duration-ms="56" started-at="2018-05-21T10:12:04Z" finished-at="2018-05-21T10:12:04Z">
    <groups>
    </groups>
    <test name="Default test" duration-ms="56" started-at="2018-05-21T10:12:04Z" finished-at="2018-05-21T10:12:04Z">
      <class name="stepDefinitions.T1">
        <test-method status="PASS" signature="beforeTest()[pri:0, instance:stepDefinitions.T1@77caeb3e]" name="beforeTest" is-config="true" duration-ms="14" started-at="2018-05-21T15:42:04Z" finished-at="2018-05-21T15:42:04Z">
          <reporter-output>
          </reporter-output>
        </test-method> <!-- beforeTest -->
        <test-method status="PASS" signature="f()[pri:0, instance:stepDefinitions.T1@77caeb3e]" name="f" duration-ms="18" started-at="2018-05-21T15:42:04Z" finished-at="2018-05-21T15:42:04Z">
          <reporter-output>
          </reporter-output>
        </test-method> <!-- f -->
        <test-method status="PASS" signature="afterTest()[pri:0, instance:stepDefinitions.T1@77caeb3e]" name="afterTest" is-config="true" duration-ms="0" started-at="2018-05-21T15:42:04Z" finished-at="2018-05-21T15:42:04Z">
          <reporter-output>
          </reporter-output>
        </test-method> <!-- afterTest -->
      </class> <!-- stepDefinitions.T1 -->
    </test> <!-- Default test -->
  </suite> <!-- Default suite -->
</testng-results>
